<?xml version="1.0" encoding="UTF-8"?>
<coverage generated="1618499847904" clover="3.2.0">
  <project timestamp="1618499847904" name="All files">
    <metrics statements="18" coveredstatements="18" conditionals="9" coveredconditionals="8" methods="1" coveredmethods="1" elements="28" coveredelements="27" complexity="0" loc="18" ncloc="18" packages="2" files="2" classes="2"/>
    <package name="frontend-project-lvl2">
      <metrics statements="0" coveredstatements="0" conditionals="0" coveredconditionals="0" methods="0" coveredmethods="0"/>
      <file name="index.js" path="/home/vladbeer/frontend-project-lvl2/index.js">
        <metrics statements="0" coveredstatements="0" conditionals="0" coveredconditionals="0" methods="0" coveredmethods="0"/>
      </file>
    </package>
    <package name="frontend-project-lvl2.src">
      <metrics statements="18" coveredstatements="18" conditionals="9" coveredconditionals="8" methods="1" coveredmethods="1"/>
      <file name="engenie.js" path="/home/vladbeer/frontend-project-lvl2/src/engenie.js">
        <metrics statements="18" coveredstatements="18" conditionals="9" coveredconditionals="8" methods="1" coveredmethods="1"/>
        <line num="6" count="1" type="stmt"/>
        <line num="7" count="1" type="stmt"/>
        <line num="8" count="1" type="stmt"/>
        <line num="9" count="1" type="stmt"/>
        <line num="10" count="1" type="stmt"/>
        <line num="11" count="1" type="stmt"/>
        <line num="13" count="1" type="stmt"/>
        <line num="14" count="5" type="cond" truecount="2" falsecount="0"/>
        <line num="15" count="1" type="stmt"/>
        <line num="16" count="4" type="cond" truecount="2" falsecount="0"/>
        <line num="17" count="2" type="stmt"/>
        <line num="18" count="2" type="cond" truecount="2" falsecount="0"/>
        <line num="19" count="1" type="stmt"/>
        <line num="20" count="1" type="cond" truecount="1" falsecount="1"/>
        <line num="21" count="1" type="stmt"/>
        <line num="22" count="1" type="stmt"/>
        <line num="26" count="1" type="stmt"/>
        <line num="27" count="1" type="stmt"/>
      </file>
    </package>
  </project>
</coverage>
