{"/home/vladbeer/frontend-project-lvl2/index.js": {"path":"/home/vladbeer/frontend-project-lvl2/index.js","statementMap":{},"fnMap":{},"branchMap":{},"s":{},"f":{},"b":{},"inputSourceMap":null,"_coverageSchema":"1a1c01bbd47fc00a2c39e90264f33305004495a9","hash":"b30909905edfeb2b87d9710bd1d5b4f3bb5df16b"}
,"/home/vladbeer/frontend-project-lvl2/src/engenie.js": {"path":"/home/vladbeer/frontend-project-lvl2/src/engenie.js","statementMap":{"0":{"start":{"line":6,"column":20},"end":{"line":6,"column":55}},"1":{"start":{"line":7,"column":19},"end":{"line":7,"column":66}},"2":{"start":{"line":8,"column":20},"end":{"line":8,"column":55}},"3":{"start":{"line":9,"column":19},"end":{"line":9,"column":66}},"4":{"start":{"line":10,"column":15},"end":{"line":10,"column":78}},"5":{"start":{"line":11,"column":15},"end":{"line":11,"column":20}},"6":{"start":{"line":13,"column":2},"end":{"line":24,"column":3}},"7":{"start":{"line":14,"column":4},"end":{"line":23,"column":5}},"8":{"start":{"line":15,"column":6},"end":{"line":15,"column":49}},"9":{"start":{"line":16,"column":11},"end":{"line":23,"column":5}},"10":{"start":{"line":17,"column":6},"end":{"line":17,"column":49}},"11":{"start":{"line":18,"column":11},"end":{"line":23,"column":5}},"12":{"start":{"line":19,"column":6},"end":{"line":19,"column":49}},"13":{"start":{"line":20,"column":11},"end":{"line":23,"column":5}},"14":{"start":{"line":21,"column":6},"end":{"line":21,"column":49}},"15":{"start":{"line":22,"column":6},"end":{"line":22,"column":49}},"16":{"start":{"line":26,"column":2},"end":{"line":26,"column":16}},"17":{"start":{"line":27,"column":2},"end":{"line":27,"column":16}}},"fnMap":{"0":{"name":"(anonymous_0)","decl":{"start":{"line":5,"column":15},"end":{"line":5,"column":16}},"loc":{"start":{"line":5,"column":55},"end":{"line":28,"column":1}},"line":5}},"branchMap":{"0":{"loc":{"start":{"line":5,"column":30},"end":{"line":5,"column":50}},"type":"default-arg","locations":[{"start":{"line":5,"column":41},"end":{"line":5,"column":50}}],"line":5},"1":{"loc":{"start":{"line":14,"column":4},"end":{"line":23,"column":5}},"type":"if","locations":[{"start":{"line":14,"column":4},"end":{"line":23,"column":5}},{"start":{"line":14,"column":4},"end":{"line":23,"column":5}}],"line":14},"2":{"loc":{"start":{"line":16,"column":11},"end":{"line":23,"column":5}},"type":"if","locations":[{"start":{"line":16,"column":11},"end":{"line":23,"column":5}},{"start":{"line":16,"column":11},"end":{"line":23,"column":5}}],"line":16},"3":{"loc":{"start":{"line":18,"column":11},"end":{"line":23,"column":5}},"type":"if","locations":[{"start":{"line":18,"column":11},"end":{"line":23,"column":5}},{"start":{"line":18,"column":11},"end":{"line":23,"column":5}}],"line":18},"4":{"loc":{"start":{"line":20,"column":11},"end":{"line":23,"column":5}},"type":"if","locations":[{"start":{"line":20,"column":11},"end":{"line":23,"column":5}},{"start":{"line":20,"column":11},"end":{"line":23,"column":5}}],"line":20}},"s":{"0":1,"1":1,"2":1,"3":1,"4":1,"5":1,"6":1,"7":5,"8":1,"9":4,"10":2,"11":2,"12":1,"13":1,"14":1,"15":1,"16":1,"17":1},"f":{"0":1},"b":{"0":[1],"1":[1,4],"2":[2,2],"3":[1,1],"4":[1,0]},"inputSourceMap":null,"_coverageSchema":"1a1c01bbd47fc00a2c39e90264f33305004495a9","hash":"f4183549d485e617e1307f78ccf50718f308f51f"}
}
